[2026-04-20T07:00:39Z] [nanachi] === PR workflow cycle start ===
[2026-04-20T07:00:39Z] [nanachi] Phase 1: Fetching origin...
[2026-04-20T07:00:39Z] [nanachi] No local changes. Skipping.
[2026-04-20T07:30:59Z] [nanachi] === PR workflow cycle start ===
[2026-04-20T07:30:59Z] [nanachi] === PR workflow cycle start ===
[2026-04-20T07:30:59Z] [nanachi] Phase 1: Fetching origin...
[2026-04-20T07:30:59Z] [nanachi] Phase 1: Fetching origin...
[main 44b4414] [nanachi] Workspace sync 2026-04-20T07:31Z
 1 file changed, 3 insertions(+), 4 deletions(-)
[2026-04-20T07:30:59Z] [nanachi] Pushing...
[2026-04-20T07:30:59Z] [nanachi] Pushing...
To https://github.com/nanachichan3/nanachi-workspace.git
   bfe40bc..44b4414  HEAD -> main
To https://github.com/nanachichan3/nanachi-workspace.git
   bfe40bc..44b4414  HEAD -> main
[2026-04-20T07:30:59Z] [nanachi] PR created: pull request create failed: GraphQL: Head sha can't be blank, Base sha can't be blank, No commits between main and wip/nanachi-20260420073101, Head ref must be a branch (createPullRequest)
[2026-04-20T07:30:59Z] [nanachi] PR created: pull request create failed: GraphQL: Head sha can't be blank, Base sha can't be blank, No commits between main and wip/nanachi-20260420073101, Head ref must be a branch (createPullRequest)
[2026-04-20T07:30:59Z] [nanachi] Phase 5: Reviewing other harnesses' PRs...
[2026-04-20T07:30:59Z] [nanachi] Phase 5: Reviewing other harnesses' PRs...
/data/workspace/skills/workspace-sync/scripts/pr-workflow.sh: line 64: jq: command not found
[2026-04-20T08:00:55Z] [nanachi] === PR workflow cycle start ===
[2026-04-20T08:00:55Z] [nanachi] === PR workflow cycle start ===
[2026-04-20T08:00:55Z] [nanachi] Phase 1: Fetching origin...
[2026-04-20T08:00:55Z] [nanachi] Phase 1: Fetching origin...
[main 979103a] [nanachi] Workspace sync 2026-04-20T08:00Z
 1 file changed, 2 insertions(+), 2 deletions(-)
[2026-04-20T08:00:55Z] [nanachi] Pushing...
[2026-04-20T08:00:55Z] [nanachi] Pushing...
To https://github.com/nanachichan3/nanachi-workspace.git
   44b4414..979103a  To https://github.com/nanachichan3/nanachi-workspace.git
   44b4414..979103a  HEAD -> main
HEAD -> main
[2026-04-20T08:00:55Z] [nanachi] PR created: pull request create failed: GraphQL: Head sha can't be blank, Base sha can't be blank, No commits between main and wip/nanachi-20260420080057, Head ref must be a branch (createPullRequest)
[2026-04-20T08:00:55Z] [nanachi] PR created: pull request create failed: GraphQL: Head sha can't be blank, Base sha can't be blank, No commits between main and wip/nanachi-20260420080057, Head ref must be a branch (createPullRequest)
[2026-04-20T08:00:55Z] [nanachi] Phase 5: Reviewing other harnesses' PRs...
[2026-04-20T08:00:55Z] [nanachi] Phase 5: Reviewing other harnesses' PRs...
/data/workspace/skills/workspace-sync/scripts/pr-workflow.sh: line 64: jq: command not found
[2026-04-20T08:30:19Z] [nanachi] === PR workflow cycle start ===
[2026-04-20T08:30:19Z] [nanachi] === PR workflow cycle start ===
[2026-04-20T08:30:19Z] [nanachi] Phase 1: Fetching origin...
[2026-04-20T08:30:19Z] [nanachi] Phase 1: Fetching origin...
[main 4fc8e7c] [nanachi] Workspace sync 2026-04-20T08:30Z
 1 file changed, 2 insertions(+), 2 deletions(-)
[2026-04-20T08:30:19Z] [nanachi] Pushing...
[2026-04-20T08:30:19Z] [nanachi] Pushing...
To https://github.com/nanachichan3/nanachi-workspace.git
   979103a..4fc8e7c  To https://github.com/nanachichan3/nanachi-workspace.git
   979103a..4fc8e7c  HEAD -> main
HEAD -> main
[2026-04-20T08:30:19Z] [nanachi] PR created: pull request create failed: GraphQL: Head sha can't be blank, Base sha can't be blank, No commits between main and wip/nanachi-20260420083021, Head ref must be a branch (createPullRequest)
[2026-04-20T08:30:19Z] [nanachi] PR created: pull request create failed: GraphQL: Head sha can't be blank, Base sha can't be blank, No commits between main and wip/nanachi-20260420083021, Head ref must be a branch (createPullRequest)
[2026-04-20T08:30:19Z] [nanachi] Phase 5: Reviewing other harnesses' PRs...
[2026-04-20T08:30:19Z] [nanachi] Phase 5: Reviewing other harnesses' PRs...
/data/workspace/skills/workspace-sync/scripts/pr-workflow.sh: line 64: jq: command not found
[2026-04-20T08:30:27Z] [nanachi] === PR workflow cycle start ===
[2026-04-20T08:30:27Z] [nanachi] === PR workflow cycle start ===
[2026-04-20T08:30:27Z] [nanachi] Phase 1: Fetching origin...
[2026-04-20T08:30:27Z] [nanachi] Phase 1: Fetching origin...
[2026-04-20T08:30:27Z] [nanachi] No local changes. Skipping.
[2026-04-20T08:30:27Z] [nanachi] No local changes. Skipping.
[2026-04-20T10:33:58Z] [nanachi] === PR workflow cycle start ===
[2026-04-20T10:33:58Z] [nanachi] === PR workflow cycle start ===
[2026-04-20T10:33:58Z] [nanachi] Phase 1: Fetching origin...
[2026-04-20T10:33:58Z] [nanachi] Phase 1: Fetching origin...
[main dab5acf] [nanachi] Workspace sync 2026-04-20T10:33Z
 1 file changed, 2 insertions(+), 2 deletions(-)
[2026-04-20T10:33:58Z] [nanachi] Pushing...
[2026-04-20T10:33:58Z] [nanachi] Pushing...
To https://github.com/nanachichan3/nanachi-workspace.git
   4fc8e7c..dab5acf  HEAD -> main
To https://github.com/nanachichan3/nanachi-workspace.git
   4fc8e7c..dab5acf  HEAD -> main
[2026-04-20T10:33:58Z] [nanachi] PR created: pull request create failed: GraphQL: Head sha can't be blank, Base sha can't be blank, No commits between main and wip/nanachi-20260420103400, Head ref must be a branch (createPullRequest)
[2026-04-20T10:33:58Z] [nanachi] PR created: pull request create failed: GraphQL: Head sha can't be blank, Base sha can't be blank, No commits between main and wip/nanachi-20260420103400, Head ref must be a branch (createPullRequest)
[2026-04-20T10:33:58Z] [nanachi] Phase 5: Reviewing other harnesses' PRs...
[2026-04-20T10:33:58Z] [nanachi] Phase 5: Reviewing other harnesses' PRs...
/data/workspace/skills/workspace-sync/scripts/pr-workflow.sh: line 64: jq: command not found
[2026-04-20T10:34:08Z] [nanachi] === PR workflow cycle start ===
[2026-04-20T10:34:08Z] [nanachi] === PR workflow cycle start ===
[2026-04-20T10:34:08Z] [nanachi] Phase 1: Fetching origin...
[2026-04-20T10:34:08Z] [nanachi] Phase 1: Fetching origin...
[2026-04-20T10:34:08Z] [nanachi] No local changes. Skipping.
[2026-04-20T10:34:08Z] [nanachi] No local changes. Skipping.
[2026-04-20T11:00:27Z] [nanachi] === PR workflow cycle start ===
[2026-04-20T11:00:27Z] [nanachi] === PR workflow cycle start ===
[2026-04-20T11:00:27Z] [nanachi] Phase 1: Fetching origin...
[2026-04-20T11:00:27Z] [nanachi] Phase 1: Fetching origin...
[main bcee34c] [nanachi] Workspace sync 2026-04-20T11:00Z
 1 file changed, 2 insertions(+), 2 deletions(-)
[2026-04-20T11:00:27Z] [nanachi] Pushing...
[2026-04-20T11:00:27Z] [nanachi] Pushing...
To https://github.com/nanachichan3/nanachi-workspace.git
   dab5acf..bcee34c  HEAD -> main
To https://github.com/nanachichan3/nanachi-workspace.git
   dab5acf..bcee34c  HEAD -> main
[2026-04-20T11:00:27Z] [nanachi] PR created: pull request create failed: GraphQL: Head sha can't be blank, Base sha can't be blank, No commits between main and wip/nanachi-20260420110029, Head ref must be a branch (createPullRequest)
[2026-04-20T11:00:27Z] [nanachi] PR created: pull request create failed: GraphQL: Head sha can't be blank, Base sha can't be blank, No commits between main and wip/nanachi-20260420110029, Head ref must be a branch (createPullRequest)
[2026-04-20T11:00:27Z] [nanachi] Phase 5: Reviewing other harnesses' PRs...
[2026-04-20T11:00:27Z] [nanachi] Phase 5: Reviewing other harnesses' PRs...
/data/workspace/skills/workspace-sync/scripts/pr-workflow.sh: line 64: jq: command not found
[2026-04-20T11:30:48Z] [nanachi] === PR workflow cycle start ===
[2026-04-20T11:30:48Z] [nanachi] === PR workflow cycle start ===
[2026-04-20T11:30:48Z] [nanachi] Phase 1: Fetching origin...
[2026-04-20T11:30:48Z] [nanachi] Phase 1: Fetching origin...
[main 0adc8b7] [nanachi] Workspace sync 2026-04-20T11:30Z
 1 file changed, 2 insertions(+), 2 deletions(-)
[2026-04-20T11:30:48Z] [nanachi] Pushing...
[2026-04-20T11:30:48Z] [nanachi] Pushing...
To https://github.com/nanachichan3/nanachi-workspace.git
   bcee34c..0adc8b7  HEAD -> main
To https://github.com/nanachichan3/nanachi-workspace.git
   bcee34c..0adc8b7  HEAD -> main
[2026-04-20T11:30:48Z] [nanachi] PR created: pull request create failed: GraphQL: Head sha can't be blank, Base sha can't be blank, No commits between main and wip/nanachi-20260420113050, Head ref must be a branch (createPullRequest)
[2026-04-20T11:30:48Z] [nanachi] PR created: pull request create failed: GraphQL: Head sha can't be blank, Base sha can't be blank, No commits between main and wip/nanachi-20260420113050, Head ref must be a branch (createPullRequest)
[2026-04-20T11:30:48Z] [nanachi] Phase 5: Reviewing other harnesses' PRs...
[2026-04-20T11:30:48Z] [nanachi] Phase 5: Reviewing other harnesses' PRs...
/data/workspace/skills/workspace-sync/scripts/pr-workflow.sh: line 64: jq: command not found
[2026-04-20T11:32:28Z] [nanachi] === PR workflow cycle start ===
[2026-04-20T11:32:28Z] [nanachi] === PR workflow cycle start ===
[2026-04-20T11:32:28Z] [nanachi] Phase 1: Fetching origin...
[2026-04-20T11:32:28Z] [nanachi] Phase 1: Fetching origin...
[2026-04-20T11:32:28Z] [nanachi] No local changes. Skipping.
[2026-04-20T11:32:28Z] [nanachi] No local changes. Skipping.
[2026-04-20T12:00:49Z] [nanachi] === PR workflow cycle start ===
[2026-04-20T12:00:49Z] [nanachi] === PR workflow cycle start ===
[2026-04-20T12:00:49Z] [nanachi] Phase 1: Fetching origin...
[2026-04-20T12:00:49Z] [nanachi] Phase 1: Fetching origin...
[main d714d67] [nanachi] Workspace sync 2026-04-20T12:00Z
 1 file changed, 2 insertions(+), 2 deletions(-)
[2026-04-20T12:00:49Z] [nanachi] Pushing...
[2026-04-20T12:00:49Z] [nanachi] Pushing...
To https://github.com/nanachichan3/nanachi-workspace.git
   0adc8b7..d714d67  HEAD -> main
To https://github.com/nanachichan3/nanachi-workspace.git
   0adc8b7..d714d67  HEAD -> main
[2026-04-20T12:00:49Z] [nanachi] PR created: pull request create failed: GraphQL: Head sha can't be blank, Base sha can't be blank, No commits between main and wip/nanachi-20260420120051, Head ref must be a branch (createPullRequest)
[2026-04-20T12:00:49Z] [nanachi] PR created: pull request create failed: GraphQL: Head sha can't be blank, Base sha can't be blank, No commits between main and wip/nanachi-20260420120051, Head ref must be a branch (createPullRequest)
[2026-04-20T12:00:49Z] [nanachi] Phase 5: Reviewing other harnesses' PRs...
[2026-04-20T12:00:49Z] [nanachi] Phase 5: Reviewing other harnesses' PRs...
/data/workspace/skills/workspace-sync/scripts/pr-workflow.sh: line 64: jq: command not found
[2026-04-20T12:02:09Z] [nanachi] === PR workflow cycle start ===
[2026-04-20T12:02:09Z] [nanachi] Phase 1: Fetching origin...
[2026-04-20T12:02:09Z] [nanachi] No local changes. Skipping.
[2026-04-20T12:32:29Z] [nanachi] === PR workflow cycle start ===
[2026-04-20T12:32:29Z] [nanachi] === PR workflow cycle start ===
[2026-04-20T12:32:29Z] [nanachi] Phase 1: Fetching origin...
[2026-04-20T12:32:29Z] [nanachi] Phase 1: Fetching origin...
[main 16d7fdd] [nanachi] Workspace sync 2026-04-20T12:32Z
 1 file changed, 11 insertions(+), 7 deletions(-)
[2026-04-20T12:32:29Z] [nanachi] Pushing...
[2026-04-20T12:32:29Z] [nanachi] Pushing...
To https://github.com/nanachichan3/nanachi-workspace.git
   d714d67..16d7fdd  HEAD -> main
To https://github.com/nanachichan3/nanachi-workspace.git
   d714d67..16d7fdd  HEAD -> main
[2026-04-20T12:32:29Z] [nanachi] PR created: pull request create failed: GraphQL: Head sha can't be blank, Base sha can't be blank, No commits between main and wip/nanachi-20260420123231, Head ref must be a branch (createPullRequest)
[2026-04-20T12:32:29Z] [nanachi] PR created: pull request create failed: GraphQL: Head sha can't be blank, Base sha can't be blank, No commits between main and wip/nanachi-20260420123231, Head ref must be a branch (createPullRequest)
[2026-04-20T12:32:29Z] [nanachi] Phase 5: Reviewing other harnesses' PRs...
[2026-04-20T12:32:29Z] [nanachi] Phase 5: Reviewing other harnesses' PRs...
/data/workspace/skills/workspace-sync/scripts/pr-workflow.sh: line 64: jq: command not found
[2026-04-20T12:32:42Z] [nanachi] === PR workflow cycle start ===
[2026-04-20T12:32:42Z] [nanachi] Phase 1: Fetching origin...
[2026-04-20T12:32:42Z] [nanachi] No local changes. Skipping.
[2026-04-20T13:02:17Z] [nanachi] === PR workflow cycle start ===
[2026-04-20T13:02:17Z] [nanachi] === PR workflow cycle start ===
[2026-04-20T13:02:17Z] [nanachi] Phase 1: Fetching origin...
[2026-04-20T13:02:17Z] [nanachi] Phase 1: Fetching origin...
[main 7b2c4dd] [nanachi] Workspace sync 2026-04-20T13:02Z
 1 file changed, 7 insertions(+), 11 deletions(-)
[2026-04-20T13:02:17Z] [nanachi] Pushing...
[2026-04-20T13:02:17Z] [nanachi] Pushing...
To https://github.com/nanachichan3/nanachi-workspace.git
   16d7fdd..7b2c4dd  To https://github.com/nanachichan3/nanachi-workspace.git
   16d7fdd..7b2c4dd  HEAD -> main
HEAD -> main
[2026-04-20T13:02:17Z] [nanachi] PR created: pull request create failed: GraphQL: Head sha can't be blank, Base sha can't be blank, No commits between main and wip/nanachi-20260420130219, Head ref must be a branch (createPullRequest)
[2026-04-20T13:02:17Z] [nanachi] PR created: pull request create failed: GraphQL: Head sha can't be blank, Base sha can't be blank, No commits between main and wip/nanachi-20260420130219, Head ref must be a branch (createPullRequest)
[2026-04-20T13:02:17Z] [nanachi] Phase 5: Reviewing other harnesses' PRs...
[2026-04-20T13:02:17Z] [nanachi] Phase 5: Reviewing other harnesses' PRs...
/data/workspace/skills/workspace-sync/scripts/pr-workflow.sh: line 64: jq: command not found
[2026-04-20T13:02:35Z] [nanachi] === PR workflow cycle start ===
[2026-04-20T13:02:35Z] [nanachi] Phase 1: Fetching origin...
[2026-04-20T13:02:35Z] [nanachi] No local changes. Skipping.
[2026-04-20T14:03:22Z] [nanachi] === PR workflow cycle start ===
[2026-04-20T14:03:22Z] [nanachi] === PR workflow cycle start ===
[2026-04-20T14:03:22Z] [nanachi] Phase 1: Fetching origin...
[2026-04-20T14:03:22Z] [nanachi] Phase 1: Fetching origin...
[main 28fb93e] [nanachi] Workspace sync 2026-04-20T14:03Z
 1 file changed, 2 insertions(+), 2 deletions(-)
[2026-04-20T14:03:22Z] [nanachi] Pushing...
[2026-04-20T14:03:22Z] [nanachi] Pushing...
To https://github.com/nanachichan3/nanachi-workspace.git
   7b2c4dd..28fb93e  To https://github.com/nanachichan3/nanachi-workspace.git
   7b2c4dd..28fb93e  HEAD -> main
HEAD -> main
[2026-04-20T14:03:22Z] [nanachi] PR created: pull request create failed: GraphQL: Head sha can't be blank, Base sha can't be blank, No commits between main and wip/nanachi-20260420140324, Head ref must be a branch (createPullRequest)
[2026-04-20T14:03:22Z] [nanachi] PR created: pull request create failed: GraphQL: Head sha can't be blank, Base sha can't be blank, No commits between main and wip/nanachi-20260420140324, Head ref must be a branch (createPullRequest)
[2026-04-20T14:03:22Z] [nanachi] Phase 5: Reviewing other harnesses' PRs...
[2026-04-20T14:03:22Z] [nanachi] Phase 5: Reviewing other harnesses' PRs...
/data/workspace/skills/workspace-sync/scripts/pr-workflow.sh: line 64: jq: command not found
[2026-04-20T14:03:35Z] [nanachi] === PR workflow cycle start ===
[2026-04-20T14:03:35Z] [nanachi] Phase 1: Fetching origin...
[2026-04-20T14:03:35Z] [nanachi] No local changes. Skipping.
[2026-04-20T15:04:48Z] [nanachi] === PR workflow cycle start ===
[2026-04-20T15:04:48Z] [nanachi] === PR workflow cycle start ===
[2026-04-20T15:04:48Z] [nanachi] Phase 1: Fetching origin...
[2026-04-20T15:04:48Z] [nanachi] Phase 1: Fetching origin...
[main 78f24af] [nanachi] Workspace sync 2026-04-20T15:04Z
 1 file changed, 2 insertions(+), 2 deletions(-)
[2026-04-20T15:04:48Z] [nanachi] Pushing...
[2026-04-20T15:04:48Z] [nanachi] Pushing...
To https://github.com/nanachichan3/nanachi-workspace.git
   28fb93e..78f24af  HEAD -> main
To https://github.com/nanachichan3/nanachi-workspace.git
   28fb93e..78f24af  HEAD -> main
[2026-04-20T15:04:48Z] [nanachi] PR created: pull request create failed: GraphQL: Head sha can't be blank, Base sha can't be blank, No commits between main and wip/nanachi-20260420150450, Head ref must be a branch (createPullRequest)
[2026-04-20T15:04:48Z] [nanachi] PR created: pull request create failed: GraphQL: Head sha can't be blank, Base sha can't be blank, No commits between main and wip/nanachi-20260420150450, Head ref must be a branch (createPullRequest)
[2026-04-20T15:04:48Z] [nanachi] Phase 5: Reviewing other harnesses' PRs...
[2026-04-20T15:04:48Z] [nanachi] Phase 5: Reviewing other harnesses' PRs...
/data/workspace/skills/workspace-sync/scripts/pr-workflow.sh: line 64: jq: command not found
[2026-04-20T15:04:57Z] [nanachi] === PR workflow cycle start ===
[2026-04-20T15:04:57Z] [nanachi] === PR workflow cycle start ===
[2026-04-20T15:04:57Z] [nanachi] Phase 1: Fetching origin...
[2026-04-20T15:04:57Z] [nanachi] Phase 1: Fetching origin...
[2026-04-20T15:04:57Z] [nanachi] No local changes. Skipping.
[2026-04-20T15:04:57Z] [nanachi] No local changes. Skipping.
[2026-04-20T16:05:33Z] [nanachi] === PR workflow cycle start ===
[2026-04-20T16:05:33Z] [nanachi] === PR workflow cycle start ===
[2026-04-20T16:05:33Z] [nanachi] Phase 1: Fetching origin...
[2026-04-20T16:05:33Z] [nanachi] Phase 1: Fetching origin...
[main b3ea38f] [nanachi] Workspace sync 2026-04-20T16:05Z
 1 file changed, 6 insertions(+), 4 deletions(-)
[2026-04-20T16:05:33Z] [nanachi] Pushing...
[2026-04-20T16:05:33Z] [nanachi] Pushing...
To https://github.com/nanachichan3/nanachi-workspace.git
   78f24af..b3ea38f  HEAD -> main
To https://github.com/nanachichan3/nanachi-workspace.git
   78f24af..b3ea38f  HEAD -> main
[2026-04-20T16:05:33Z] [nanachi] PR created: pull request create failed: GraphQL: Head sha can't be blank, Base sha can't be blank, No commits between main and wip/nanachi-20260420160535, Head ref must be a branch (createPullRequest)
[2026-04-20T16:05:33Z] [nanachi] PR created: pull request create failed: GraphQL: Head sha can't be blank, Base sha can't be blank, No commits between main and wip/nanachi-20260420160535, Head ref must be a branch (createPullRequest)
[2026-04-20T16:05:33Z] [nanachi] Phase 5: Reviewing other harnesses' PRs...
[2026-04-20T16:05:33Z] [nanachi] Phase 5: Reviewing other harnesses' PRs...
/data/workspace/skills/workspace-sync/scripts/pr-workflow.sh: line 64: jq: command not found
[2026-04-20T16:05:43Z] [nanachi] === PR workflow cycle start ===
[2026-04-20T16:05:43Z] [nanachi] === PR workflow cycle start ===
[2026-04-20T16:05:43Z] [nanachi] Phase 1: Fetching origin...
[2026-04-20T16:05:43Z] [nanachi] Phase 1: Fetching origin...
[2026-04-20T16:05:43Z] [nanachi] No local changes. Skipping.
[2026-04-20T16:05:43Z] [nanachi] No local changes. Skipping.
[2026-04-20T17:06:24Z] [nanachi] === PR workflow cycle start ===
[2026-04-20T17:06:24Z] [nanachi] === PR workflow cycle start ===
[2026-04-20T17:06:24Z] [nanachi] Phase 1: Fetching origin...
[2026-04-20T17:06:24Z] [nanachi] Phase 1: Fetching origin...
[main 844028a] [nanachi] Workspace sync 2026-04-20T17:06Z
 1 file changed, 4 insertions(+), 6 deletions(-)
[2026-04-20T17:06:24Z] [nanachi] Pushing...
[2026-04-20T17:06:24Z] [nanachi] Pushing...
To https://github.com/nanachichan3/nanachi-workspace.git
   b3ea38f..844028a  HEAD -> main
To https://github.com/nanachichan3/nanachi-workspace.git
   b3ea38f..844028a  HEAD -> main
[2026-04-20T17:06:24Z] [nanachi] PR created: pull request create failed: GraphQL: Head sha can't be blank, Base sha can't be blank, No commits between main and wip/nanachi-20260420170626, Head ref must be a branch (createPullRequest)
[2026-04-20T17:06:24Z] [nanachi] PR created: pull request create failed: GraphQL: Head sha can't be blank, Base sha can't be blank, No commits between main and wip/nanachi-20260420170626, Head ref must be a branch (createPullRequest)
[2026-04-20T17:06:24Z] [nanachi] Phase 5: Reviewing other harnesses' PRs...
[2026-04-20T17:06:24Z] [nanachi] Phase 5: Reviewing other harnesses' PRs...
/data/workspace/skills/workspace-sync/scripts/pr-workflow.sh: line 64: jq: command not found
[2026-04-20T17:06:34Z] [nanachi] === PR workflow cycle start ===
[2026-04-20T17:06:34Z] [nanachi] Phase 1: Fetching origin...
[2026-04-20T17:06:34Z] [nanachi] No local changes. Skipping.
[2026-04-20T18:07:22Z] [nanachi] === PR workflow cycle start ===
[2026-04-20T18:07:22Z] [nanachi] === PR workflow cycle start ===
[2026-04-20T18:07:22Z] [nanachi] Phase 1: Fetching origin...
[2026-04-20T18:07:22Z] [nanachi] Phase 1: Fetching origin...
[main 2f3d5f4] [nanachi] Workspace sync 2026-04-20T18:07Z
 1 file changed, 2 insertions(+), 2 deletions(-)
[2026-04-20T18:07:22Z] [nanachi] Pushing...
[2026-04-20T18:07:22Z] [nanachi] Pushing...
To https://github.com/nanachichan3/nanachi-workspace.git
   844028a..2f3d5f4  To https://github.com/nanachichan3/nanachi-workspace.git
   844028a..2f3d5f4  HEAD -> main
HEAD -> main
[2026-04-20T18:07:22Z] [nanachi] PR created: pull request create failed: GraphQL: Head sha can't be blank, Base sha can't be blank, No commits between main and wip/nanachi-20260420180724, Head ref must be a branch (createPullRequest)
[2026-04-20T18:07:22Z] [nanachi] PR created: pull request create failed: GraphQL: Head sha can't be blank, Base sha can't be blank, No commits between main and wip/nanachi-20260420180724, Head ref must be a branch (createPullRequest)
[2026-04-20T18:07:22Z] [nanachi] Phase 5: Reviewing other harnesses' PRs...
[2026-04-20T18:07:22Z] [nanachi] Phase 5: Reviewing other harnesses' PRs...
/data/workspace/skills/workspace-sync/scripts/pr-workflow.sh: line 64: jq: command not found
[2026-04-20T18:07:31Z] [nanachi] === PR workflow cycle start ===
[2026-04-20T18:07:31Z] [nanachi] === PR workflow cycle start ===
[2026-04-20T18:07:31Z] [nanachi] Phase 1: Fetching origin...
[2026-04-20T18:07:31Z] [nanachi] Phase 1: Fetching origin...
[2026-04-20T18:07:31Z] [nanachi] No local changes. Skipping.
[2026-04-20T18:07:31Z] [nanachi] No local changes. Skipping.
[2026-04-20T19:08:18Z] [nanachi] === PR workflow cycle start ===
[2026-04-20T19:08:18Z] [nanachi] === PR workflow cycle start ===
[2026-04-20T19:08:18Z] [nanachi] Phase 1: Fetching origin...
[2026-04-20T19:08:18Z] [nanachi] Phase 1: Fetching origin...
[main 8e2de56] [nanachi] Workspace sync 2026-04-20T19:08Z
 1 file changed, 2 insertions(+), 2 deletions(-)
[2026-04-20T19:08:18Z] [nanachi] Pushing...
[2026-04-20T19:08:18Z] [nanachi] Pushing...
To https://github.com/nanachichan3/nanachi-workspace.git
   2f3d5f4..8e2de56  HEAD -> main
To https://github.com/nanachichan3/nanachi-workspace.git
   2f3d5f4..8e2de56  HEAD -> main
[2026-04-20T19:08:18Z] [nanachi] PR created: pull request create failed: GraphQL: Head sha can't be blank, Base sha can't be blank, No commits between main and wip/nanachi-20260420190820, Head ref must be a branch (createPullRequest)
[2026-04-20T19:08:18Z] [nanachi] PR created: pull request create failed: GraphQL: Head sha can't be blank, Base sha can't be blank, No commits between main and wip/nanachi-20260420190820, Head ref must be a branch (createPullRequest)
[2026-04-20T19:08:18Z] [nanachi] Phase 5: Reviewing other harnesses' PRs...
[2026-04-20T19:08:18Z] [nanachi] Phase 5: Reviewing other harnesses' PRs...
/data/workspace/skills/workspace-sync/scripts/pr-workflow.sh: line 64: jq: command not found
[2026-04-20T19:08:26Z] [nanachi] === PR workflow cycle start ===
[2026-04-20T19:08:26Z] [nanachi] === PR workflow cycle start ===
[2026-04-20T19:08:26Z] [nanachi] Phase 1: Fetching origin...
[2026-04-20T19:08:26Z] [nanachi] Phase 1: Fetching origin...
[2026-04-20T19:08:26Z] [nanachi] No local changes. Skipping.
[2026-04-20T19:08:26Z] [nanachi] No local changes. Skipping.
[2026-04-20T19:31:11Z] [nanachi] === PR workflow cycle start ===
[2026-04-20T19:31:11Z] [nanachi] === PR workflow cycle start ===
[2026-04-20T19:31:11Z] [nanachi] Phase 1: Fetching origin...
[2026-04-20T19:31:11Z] [nanachi] Phase 1: Fetching origin...
[2026-04-20T19:31:11Z] [nanachi] No local changes. Skipping.
[2026-04-20T19:31:11Z] [nanachi] No local changes. Skipping.
[2026-04-20T20:00:27Z] [nanachi] === PR workflow cycle start ===
[2026-04-20T20:00:27Z] [nanachi] === PR workflow cycle start ===
[2026-04-20T20:00:27Z] [nanachi] Phase 1: Fetching origin...
[2026-04-20T20:00:27Z] [nanachi] Phase 1: Fetching origin...
[main 9159460] [nanachi] Workspace sync 2026-04-20T20:00Z
 1 file changed, 2 insertions(+), 2 deletions(-)
[2026-04-20T20:00:27Z] [nanachi] Pushing...
[2026-04-20T20:00:27Z] [nanachi] Pushing...
To https://github.com/nanachichan3/nanachi-workspace.git
   8e2de56..9159460  HEAD -> main
To https://github.com/nanachichan3/nanachi-workspace.git
   8e2de56..9159460  HEAD -> main
[2026-04-20T20:00:27Z] [nanachi] PR created: pull request create failed: GraphQL: Head sha can't be blank, Base sha can't be blank, No commits between main and wip/nanachi-20260420200029, Head ref must be a branch (createPullRequest)
[2026-04-20T20:00:27Z] [nanachi] PR created: pull request create failed: GraphQL: Head sha can't be blank, Base sha can't be blank, No commits between main and wip/nanachi-20260420200029, Head ref must be a branch (createPullRequest)
[2026-04-20T20:00:27Z] [nanachi] Phase 5: Reviewing other harnesses' PRs...
[2026-04-20T20:00:27Z] [nanachi] Phase 5: Reviewing other harnesses' PRs...
/data/workspace/skills/workspace-sync/scripts/pr-workflow.sh: line 64: jq: command not found
[2026-04-20T20:31:14Z] [nanachi] === PR workflow cycle start ===
[2026-04-20T20:31:14Z] [nanachi] === PR workflow cycle start ===
[2026-04-20T20:31:14Z] [nanachi] Phase 1: Fetching origin...
[2026-04-20T20:31:14Z] [nanachi] Phase 1: Fetching origin...
[main 671a581] [nanachi] Workspace sync 2026-04-20T20:31Z
 1 file changed, 2 insertions(+), 2 deletions(-)
[2026-04-20T20:31:14Z] [nanachi] Pushing...
[2026-04-20T20:31:14Z] [nanachi] Pushing...
To https://github.com/nanachichan3/nanachi-workspace.git
   9159460..671a581  HEAD -> main
To https://github.com/nanachichan3/nanachi-workspace.git
   9159460..671a581  HEAD -> main
[2026-04-20T20:31:14Z] [nanachi] PR created: pull request create failed: GraphQL: Head sha can't be blank, Base sha can't be blank, No commits between main and wip/nanachi-20260420203116, Head ref must be a branch (createPullRequest)
[2026-04-20T20:31:14Z] [nanachi] PR created: pull request create failed: GraphQL: Head sha can't be blank, Base sha can't be blank, No commits between main and wip/nanachi-20260420203116, Head ref must be a branch (createPullRequest)
[2026-04-20T20:31:14Z] [nanachi] Phase 5: Reviewing other harnesses' PRs...
[2026-04-20T20:31:14Z] [nanachi] Phase 5: Reviewing other harnesses' PRs...
/data/workspace/skills/workspace-sync/scripts/pr-workflow.sh: line 64: jq: command not found
/data/workspace/skills/workspace-sync/scripts/pr-workflow.sh: 4: set: Illegal option -o pipefail
[2026-04-20T21:01:22Z] [nanachi] === PR workflow cycle start ===
[2026-04-20T21:01:22Z] [nanachi] === PR workflow cycle start ===
[2026-04-20T21:01:22Z] [nanachi] Phase 1: Fetching origin...
[2026-04-20T21:01:22Z] [nanachi] Phase 1: Fetching origin...
[main 0bdad8b] [nanachi] Workspace sync 2026-04-20T21:01Z
 1 file changed, 2 insertions(+), 2 deletions(-)
[2026-04-20T21:01:22Z] [nanachi] Pushing...
[2026-04-20T21:01:22Z] [nanachi] Pushing...
To https://github.com/nanachichan3/nanachi-workspace.git
   671a581..0bdad8b  HEAD -> main
To https://github.com/nanachichan3/nanachi-workspace.git
   671a581..0bdad8b  HEAD -> main
[2026-04-20T21:01:22Z] [nanachi] PR created: pull request create failed: GraphQL: Head sha can't be blank, Base sha can't be blank, No commits between main and wip/nanachi-20260420210124, Head ref must be a branch (createPullRequest)
[2026-04-20T21:01:22Z] [nanachi] PR created: pull request create failed: GraphQL: Head sha can't be blank, Base sha can't be blank, No commits between main and wip/nanachi-20260420210124, Head ref must be a branch (createPullRequest)
[2026-04-20T21:01:22Z] [nanachi] Phase 5: Reviewing other harnesses' PRs...
[2026-04-20T21:01:22Z] [nanachi] Phase 5: Reviewing other harnesses' PRs...
/data/workspace/skills/workspace-sync/scripts/pr-workflow.sh: line 64: jq: command not found
[2026-04-20T21:01:31Z] [nanachi] === PR workflow cycle start ===
[2026-04-20T21:01:31Z] [nanachi] Phase 1: Fetching origin...
[2026-04-20T21:01:31Z] [nanachi] No local changes. Skipping.
[2026-04-20T22:32:05Z] [nanachi] === PR workflow cycle start ===
[2026-04-20T22:32:05Z] [nanachi] === PR workflow cycle start ===
[2026-04-20T22:32:05Z] [nanachi] Phase 1: Fetching origin...
[2026-04-20T22:32:05Z] [nanachi] Phase 1: Fetching origin...
[main e61f9b4] [nanachi] Workspace sync 2026-04-20T22:32Z
 1 file changed, 2 insertions(+), 2 deletions(-)
[2026-04-20T22:32:05Z] [nanachi] Pushing...
[2026-04-20T22:32:05Z] [nanachi] Pushing...
To https://github.com/nanachichan3/nanachi-workspace.git
   0bdad8b..e61f9b4  To https://github.com/nanachichan3/nanachi-workspace.git
   0bdad8b..e61f9b4  HEAD -> main
HEAD -> main
[2026-04-20T22:32:05Z] [nanachi] PR created: pull request create failed: GraphQL: Head sha can't be blank, Base sha can't be blank, No commits between main and wip/nanachi-20260420223207, Head ref must be a branch (createPullRequest)
[2026-04-20T22:32:05Z] [nanachi] PR created: pull request create failed: GraphQL: Head sha can't be blank, Base sha can't be blank, No commits between main and wip/nanachi-20260420223207, Head ref must be a branch (createPullRequest)
[2026-04-20T22:32:05Z] [nanachi] Phase 5: Reviewing other harnesses' PRs...
[2026-04-20T22:32:05Z] [nanachi] Phase 5: Reviewing other harnesses' PRs...
/data/workspace/skills/workspace-sync/scripts/pr-workflow.sh: line 64: jq: command not found
[2026-04-20T22:32:14Z] [nanachi] === PR workflow cycle start ===
[2026-04-20T22:32:14Z] [nanachi] Phase 1: Fetching origin...
[2026-04-20T22:32:14Z] [nanachi] No local changes. Skipping.
[2026-04-20T23:33:14Z] [nanachi] === PR workflow cycle start ===
[2026-04-20T23:33:14Z] [nanachi] === PR workflow cycle start ===
[2026-04-20T23:33:14Z] [nanachi] Phase 1: Fetching origin...
[2026-04-20T23:33:14Z] [nanachi] Phase 1: Fetching origin...
[main 7ae9561] [nanachi] Workspace sync 2026-04-20T23:33Z
 1 file changed, 2 insertions(+), 2 deletions(-)
[2026-04-20T23:33:14Z] [nanachi] Pushing...
[2026-04-20T23:33:14Z] [nanachi] Pushing...
To https://github.com/nanachichan3/nanachi-workspace.git
To https://github.com/nanachichan3/nanachi-workspace.git
   e61f9b4..7ae9561  HEAD -> main
   e61f9b4..7ae9561  HEAD -> main
[2026-04-20T23:33:14Z] [nanachi] PR created: pull request create failed: GraphQL: Head sha can't be blank, Base sha can't be blank, No commits between main and wip/nanachi-20260420233316, Head ref must be a branch (createPullRequest)
[2026-04-20T23:33:14Z] [nanachi] PR created: pull request create failed: GraphQL: Head sha can't be blank, Base sha can't be blank, No commits between main and wip/nanachi-20260420233316, Head ref must be a branch (createPullRequest)
[2026-04-20T23:33:14Z] [nanachi] Phase 5: Reviewing other harnesses' PRs...
[2026-04-20T23:33:14Z] [nanachi] Phase 5: Reviewing other harnesses' PRs...
/data/workspace/skills/workspace-sync/scripts/pr-workflow.sh: line 64: jq: command not found
[2026-04-20T23:33:21Z] [nanachi] === PR workflow cycle start ===
[2026-04-20T23:33:21Z] [nanachi] Phase 1: Fetching origin...
[2026-04-20T23:33:21Z] [nanachi] No local changes. Skipping.
[2026-04-21T00:34:44Z] [nanachi] === PR workflow cycle start ===
[2026-04-21T00:34:44Z] [nanachi] === PR workflow cycle start ===
[2026-04-21T00:34:44Z] [nanachi] Phase 1: Fetching origin...
[2026-04-21T00:34:44Z] [nanachi] Phase 1: Fetching origin...
[main ad4142b] [nanachi] Workspace sync 2026-04-21T00:34Z
 1 file changed, 8 insertions(+), 4 deletions(-)
[2026-04-21T00:34:44Z] [nanachi] Pushing...
[2026-04-21T00:34:44Z] [nanachi] Pushing...
To https://github.com/nanachichan3/nanachi-workspace.git
   7ae9561..ad4142b  HEAD -> main
To https://github.com/nanachichan3/nanachi-workspace.git
   7ae9561..ad4142b  HEAD -> main
[2026-04-21T00:34:44Z] [nanachi] PR created: pull request create failed: GraphQL: Head sha can't be blank, Base sha can't be blank, No commits between main and wip/nanachi-20260421003446, Head ref must be a branch (createPullRequest)
[2026-04-21T00:34:44Z] [nanachi] PR created: pull request create failed: GraphQL: Head sha can't be blank, Base sha can't be blank, No commits between main and wip/nanachi-20260421003446, Head ref must be a branch (createPullRequest)
[2026-04-21T00:34:44Z] [nanachi] Phase 5: Reviewing other harnesses' PRs...
[2026-04-21T00:34:44Z] [nanachi] Phase 5: Reviewing other harnesses' PRs...
/data/workspace/skills/workspace-sync/scripts/pr-workflow.sh: line 64: jq: command not found
[2026-04-21T00:34:54Z] [nanachi] === PR workflow cycle start ===
[2026-04-21T00:34:54Z] [nanachi] Phase 1: Fetching origin...
[2026-04-21T00:34:54Z] [nanachi] No local changes. Skipping.
[2026-04-21T01:35:38Z] [nanachi] === PR workflow cycle start ===
[2026-04-21T01:35:38Z] [nanachi] === PR workflow cycle start ===
[2026-04-21T01:35:38Z] [nanachi] Phase 1: Fetching origin...
[2026-04-21T01:35:38Z] [nanachi] Phase 1: Fetching origin...
[main 3dcfce2] [nanachi] Workspace sync 2026-04-21T01:35Z
 1 file changed, 2 insertions(+), 2 deletions(-)
[2026-04-21T01:35:38Z] [nanachi] Pushing...
[2026-04-21T01:35:38Z] [nanachi] Pushing...
To https://github.com/nanachichan3/nanachi-workspace.git
   ad4142b..3dcfce2  HEAD -> main
To https://github.com/nanachichan3/nanachi-workspace.git
   ad4142b..3dcfce2  HEAD -> main
[2026-04-21T01:35:38Z] [nanachi] PR created: pull request create failed: GraphQL: Head sha can't be blank, Base sha can't be blank, No commits between main and wip/nanachi-20260421013540, Head ref must be a branch (createPullRequest)
[2026-04-21T01:35:38Z] [nanachi] PR created: pull request create failed: GraphQL: Head sha can't be blank, Base sha can't be blank, No commits between main and wip/nanachi-20260421013540, Head ref must be a branch (createPullRequest)
[2026-04-21T01:35:38Z] [nanachi] Phase 5: Reviewing other harnesses' PRs...
[2026-04-21T01:35:38Z] [nanachi] Phase 5: Reviewing other harnesses' PRs...
/data/workspace/skills/workspace-sync/scripts/pr-workflow.sh: line 64: jq: command not found
[2026-04-21T01:35:47Z] [nanachi] === PR workflow cycle start ===
[2026-04-21T01:35:47Z] [nanachi] === PR workflow cycle start ===
[2026-04-21T01:35:47Z] [nanachi] Phase 1: Fetching origin...
[2026-04-21T01:35:47Z] [nanachi] Phase 1: Fetching origin...
[2026-04-21T01:35:47Z] [nanachi] No local changes. Skipping.
[2026-04-21T01:35:47Z] [nanachi] No local changes. Skipping.
[2026-04-21T02:36:48Z] [nanachi] === PR workflow cycle start ===
[2026-04-21T02:36:48Z] [nanachi] === PR workflow cycle start ===
[2026-04-21T02:36:48Z] [nanachi] Phase 1: Fetching origin...
[2026-04-21T02:36:48Z] [nanachi] Phase 1: Fetching origin...
[main c4014f2] [nanachi] Workspace sync 2026-04-21T02:36Z
 1 file changed, 2 insertions(+), 2 deletions(-)
[2026-04-21T02:36:48Z] [nanachi] Pushing...
[2026-04-21T02:36:48Z] [nanachi] Pushing...
To https://github.com/nanachichan3/ceo-workspace.git
 ! [rejected]        HEAD -> main (non-fast-forward)
error: failed to push some refs to 'https://github.com/nanachichan3/ceo-workspace.git'
To https://github.com/nanachichan3/ceo-workspace.git
 ! [rejected]        HEAD -> main (non-fast-forward)
error: failed to push some refs to 'https://github.com/nanachichan3/ceo-workspace.git'
hint: Updates were rejected because the tip of your current branch is behind
hint: its remote counterpart. Integrate the remote changes (e.g.
hint: 'git pull ...') before pushing again.
hint: See the 'Note about fast-forwards' in 'git push --help' for details.
hint: Updates were rejected because the tip of your current branch is behind
hint: its remote counterpart. Integrate the remote changes (e.g.
hint: 'git pull ...') before pushing again.
hint: See the 'Note about fast-forwards' in 'git push --help' for details.
[2026-04-21T02:36:48Z] [nanachi] Push failed, retry next cycle.
[2026-04-21T02:36:48Z] [nanachi] Push failed, retry next cycle.
[2026-04-21T03:37:50Z] [nanachi] === PR workflow cycle start ===
[2026-04-21T03:37:50Z] [nanachi] === PR workflow cycle start ===
[2026-04-21T03:37:50Z] [nanachi] Phase 1: Fetching origin...
[2026-04-21T03:37:50Z] [nanachi] Phase 1: Fetching origin...
[main f2cfd0c] [nanachi] Workspace sync 2026-04-21T03:37Z
 1 file changed, 2 insertions(+), 2 deletions(-)
[2026-04-21T03:37:50Z] [nanachi] Pushing...
[2026-04-21T03:37:50Z] [nanachi] Pushing...
To https://github.com/nanachichan3/ceo-workspace.git
To https://github.com/nanachichan3/ceo-workspace.git
 ! [rejected]        HEAD -> main (non-fast-forward)
error: failed to push some refs to 'https://github.com/nanachichan3/ceo-workspace.git'
 ! [rejected]        HEAD -> main (non-fast-forward)
error: failed to push some refs to 'https://github.com/nanachichan3/ceo-workspace.git'
hint: Updates were rejected because the tip of your current branch is behind
hint: its remote counterpart. Integrate the remote changes (e.g.
hint: 'git pull ...') before pushing again.
hint: See the 'Note about fast-forwards' in 'git push --help' for details.
hint: Updates were rejected because the tip of your current branch is behind
hint: its remote counterpart. Integrate the remote changes (e.g.
hint: 'git pull ...') before pushing again.
hint: See the 'Note about fast-forwards' in 'git push --help' for details.
[2026-04-21T03:37:50Z] [nanachi] Push failed, retry next cycle.
[2026-04-21T03:37:50Z] [nanachi] Push failed, retry next cycle.
[2026-04-21T04:38:44Z] [nanachi] === PR workflow cycle start ===
[2026-04-21T04:38:44Z] [nanachi] === PR workflow cycle start ===
[2026-04-21T04:38:44Z] [nanachi] Phase 1: Fetching origin...
[2026-04-21T04:38:44Z] [nanachi] Phase 1: Fetching origin...
[main 934536a] [nanachi] Workspace sync 2026-04-21T04:38Z
 1 file changed, 2 insertions(+), 2 deletions(-)
[2026-04-21T04:38:44Z] [nanachi] Pushing...
[2026-04-21T04:38:44Z] [nanachi] Pushing...
To https://github.com/nanachichan3/ceo-workspace.git
 ! [rejected]        HEAD -> main (non-fast-forward)
error: failed to push some refs to 'https://github.com/nanachichan3/ceo-workspace.git'
To https://github.com/nanachichan3/ceo-workspace.git
 ! [rejected]        HEAD -> main (non-fast-forward)
error: failed to push some refs to 'https://github.com/nanachichan3/ceo-workspace.git'
hint: Updates were rejected because the tip of your current branch is behind
hint: Updates were rejected because the tip of your current branch is behind
hint: its remote counterpart. Integrate the remote changes (e.g.
hint: its remote counterpart. Integrate the remote changes (e.g.
hint: 'git pull ...') before pushing again.
hint: 'git pull ...') before pushing again.
hint: See the 'Note about fast-forwards' in 'git push --help' for details.
hint: See the 'Note about fast-forwards' in 'git push --help' for details.
[2026-04-21T04:38:44Z] [nanachi] Push failed, retry next cycle.
[2026-04-21T04:38:44Z] [nanachi] Push failed, retry next cycle.
[2026-04-21T05:39:25Z] [nanachi] === PR workflow cycle start ===
[2026-04-21T05:39:25Z] [nanachi] === PR workflow cycle start ===
[2026-04-21T05:39:25Z] [nanachi] Phase 1: Fetching origin...
[2026-04-21T05:39:25Z] [nanachi] Phase 1: Fetching origin...
[main 8dd7578] [nanachi] Workspace sync 2026-04-21T05:39Z
 1 file changed, 2 insertions(+), 2 deletions(-)
[2026-04-21T05:39:25Z] [nanachi] Pushing...
[2026-04-21T05:39:25Z] [nanachi] Pushing...
To https://github.com/nanachichan3/ceo-workspace.git
 ! [rejected]        HEAD -> main (non-fast-forward)
error: failed to push some refs to 'https://github.com/nanachichan3/ceo-workspace.git'
To https://github.com/nanachichan3/ceo-workspace.git
 ! [rejected]        HEAD -> main (non-fast-forward)
error: failed to push some refs to 'https://github.com/nanachichan3/ceo-workspace.git'
hint: Updates were rejected because the tip of your current branch is behind
hint: its remote counterpart. Integrate the remote changes (e.g.
hint: 'git pull ...') before pushing again.
hint: See the 'Note about fast-forwards' in 'git push --help' for details.
hint: Updates were rejected because the tip of your current branch is behind
hint: its remote counterpart. Integrate the remote changes (e.g.
hint: 'git pull ...') before pushing again.
hint: See the 'Note about fast-forwards' in 'git push --help' for details.
[2026-04-21T05:39:25Z] [nanachi] Push failed, retry next cycle.
[2026-04-21T05:39:25Z] [nanachi] Push failed, retry next cycle.
[2026-04-21T06:40:46Z] [nanachi] === PR workflow cycle start ===
[2026-04-21T06:40:46Z] [nanachi] === PR workflow cycle start ===
[2026-04-21T06:40:46Z] [nanachi] Phase 1: Fetching origin...
[2026-04-21T06:40:46Z] [nanachi] Phase 1: Fetching origin...
[main c60ae49] [nanachi] Workspace sync 2026-04-21T06:40Z
 1 file changed, 2 insertions(+), 2 deletions(-)
[2026-04-21T06:40:46Z] [nanachi] Pushing...
[2026-04-21T06:40:46Z] [nanachi] Pushing...
To https://github.com/nanachichan3/ceo-workspace.git
 ! [rejected]        HEAD -> main (non-fast-forward)
error: failed to push some refs to 'https://github.com/nanachichan3/ceo-workspace.git'
To https://github.com/nanachichan3/ceo-workspace.git
 ! [rejected]        HEAD -> main (non-fast-forward)
error: failed to push some refs to 'https://github.com/nanachichan3/ceo-workspace.git'
hint: Updates were rejected because the tip of your current branch is behind
hint: its remote counterpart. Integrate the remote changes (e.g.
hint: 'git pull ...') before pushing again.
hint: See the 'Note about fast-forwards' in 'git push --help' for details.
hint: Updates were rejected because the tip of your current branch is behind
hint: its remote counterpart. Integrate the remote changes (e.g.
hint: 'git pull ...') before pushing again.
hint: See the 'Note about fast-forwards' in 'git push --help' for details.
[2026-04-21T06:40:46Z] [nanachi] Push failed, retry next cycle.
[2026-04-21T06:40:46Z] [nanachi] Push failed, retry next cycle.
[2026-04-21T06:39Z] DM to 588858125126336544 FAILED — Telegram bot not started in DM. Summary: 0 created, 0 approved, 0 merged | Push rejected non-fast-forward (diverged from remote, 3rd consecutive cycle)
[2026-04-21T07:42:10Z] [nanachi] === PR workflow cycle start ===
[2026-04-21T07:42:10Z] [nanachi] === PR workflow cycle start ===
[2026-04-21T07:42:10Z] [nanachi] Phase 1: Fetching origin...
[2026-04-21T07:42:10Z] [nanachi] Phase 1: Fetching origin...
[main c63d8fd] [nanachi] Workspace sync 2026-04-21T07:42Z
 1 file changed, 2 insertions(+), 2 deletions(-)
[2026-04-21T07:42:10Z] [nanachi] Pushing...
[2026-04-21T07:42:10Z] [nanachi] Pushing...
To https://github.com/nanachichan3/ceo-workspace.git
 ! [rejected]        HEAD -> main (non-fast-forward)
error: failed to push some refs to 'https://github.com/nanachichan3/ceo-workspace.git'
To https://github.com/nanachichan3/ceo-workspace.git
 ! [rejected]        HEAD -> main (non-fast-forward)
error: failed to push some refs to 'https://github.com/nanachichan3/ceo-workspace.git'
hint: Updates were rejected because the tip of your current branch is behind
hint: its remote counterpart. Integrate the remote changes (e.g.
hint: 'git pull ...') before pushing again.
hint: See the 'Note about fast-forwards' in 'git push --help' for details.
hint: Updates were rejected because the tip of your current branch is behind
hint: its remote counterpart. Integrate the remote changes (e.g.
hint: 'git pull ...') before pushing again.
hint: See the 'Note about fast-forwards' in 'git push --help' for details.
[2026-04-21T07:42:10Z] [nanachi] Push failed, retry next cycle.
[2026-04-21T07:42:10Z] [nanachi] Push failed, retry next cycle.
[2026-04-21T08:43:00Z] [nanachi] === PR workflow cycle start ===
[2026-04-21T08:43:00Z] [nanachi] === PR workflow cycle start ===
[2026-04-21T08:43:00Z] [nanachi] Phase 1: Fetching origin...
[2026-04-21T08:43:00Z] [nanachi] Phase 1: Fetching origin...
[main a54b8c4] [nanachi] Workspace sync 2026-04-21T08:43Z
 1 file changed, 2 insertions(+), 2 deletions(-)
[2026-04-21T08:43:00Z] [nanachi] Pushing...
[2026-04-21T08:43:00Z] [nanachi] Pushing...
To https://github.com/nanachichan3/ceo-workspace.git
 ! [rejected]        HEAD -> main (non-fast-forward)
error: failed to push some refs to 'https://github.com/nanachichan3/ceo-workspace.git'
To https://github.com/nanachichan3/ceo-workspace.git
 ! [rejected]        HEAD -> main (non-fast-forward)
error: failed to push some refs to 'https://github.com/nanachichan3/ceo-workspace.git'
hint: Updates were rejected because the tip of your current branch is behind
hint: its remote counterpart. Integrate the remote changes (e.g.
hint: 'git pull ...') before pushing again.
hint: See the 'Note about fast-forwards' in 'git push --help' for details.
hint: Updates were rejected because the tip of your current branch is behind
hint: its remote counterpart. Integrate the remote changes (e.g.
hint: 'git pull ...') before pushing again.
hint: See the 'Note about fast-forwards' in 'git push --help' for details.
[2026-04-21T08:43:00Z] [nanachi] Push failed, retry next cycle.
[2026-04-21T08:43:00Z] [nanachi] Push failed, retry next cycle.
[2026-04-21T09:43:51Z] [nanachi] === PR workflow cycle start ===
[2026-04-21T09:43:51Z] [nanachi] === PR workflow cycle start ===
[2026-04-21T09:43:51Z] [nanachi] Phase 1: Fetching origin...
[2026-04-21T09:43:51Z] [nanachi] Phase 1: Fetching origin...
[main 28e73f1] [nanachi] Workspace sync 2026-04-21T09:43Z
 1 file changed, 2 insertions(+), 2 deletions(-)
[2026-04-21T09:43:51Z] [nanachi] Pushing...
[2026-04-21T09:43:51Z] [nanachi] Pushing...
To https://github.com/nanachichan3/ceo-workspace.git
To https://github.com/nanachichan3/ceo-workspace.git
 ! [rejected]        HEAD -> main (non-fast-forward)
error: failed to push some refs to 'https://github.com/nanachichan3/ceo-workspace.git'
 ! [rejected]        HEAD -> main (non-fast-forward)
error: failed to push some refs to 'https://github.com/nanachichan3/ceo-workspace.git'
hint: Updates were rejected because the tip of your current branch is behind
hint: its remote counterpart. Integrate the remote changes (e.g.
hint: Updates were rejected because the tip of your current branch is behind
hint: its remote counterpart. Integrate the remote changes (e.g.
hint: 'git pull ...') before pushing again.
hint: See the 'Note about fast-forwards' in 'git push --help' for details.
hint: 'git pull ...') before pushing again.
hint: See the 'Note about fast-forwards' in 'git push --help' for details.
[2026-04-21T09:43:51Z] [nanachi] Push failed, retry next cycle.
[2026-04-21T09:43:51Z] [nanachi] Push failed, retry next cycle.
[2026-04-21T10:45:10Z] [nanachi] === PR workflow cycle start ===
[2026-04-21T10:45:10Z] [nanachi] === PR workflow cycle start ===
[2026-04-21T10:45:10Z] [nanachi] Phase 1: Fetching origin...
[2026-04-21T10:45:10Z] [nanachi] Phase 1: Fetching origin...
[main 004c118] [nanachi] Workspace sync 2026-04-21T10:45Z
 1 file changed, 2 insertions(+), 2 deletions(-)
[2026-04-21T10:45:10Z] [nanachi] Pushing...
[2026-04-21T10:45:10Z] [nanachi] Pushing...
To https://github.com/nanachichan3/ceo-workspace.git
 ! [rejected]        To https://github.com/nanachichan3/ceo-workspace.git
 ! [rejected]        HEAD -> main (non-fast-forward)
error: failed to push some refs to 'https://github.com/nanachichan3/ceo-workspace.git'
HEAD -> main (non-fast-forward)
error: failed to push some refs to 'https://github.com/nanachichan3/ceo-workspace.git'
hint: Updates were rejected because the tip of your current branch is behind
hint: its remote counterpart. Integrate the remote changes (e.g.
hint: 'git pull ...') before pushing again.
hint: See the 'Note about fast-forwards' in 'git push --help' for details.
hint: Updates were rejected because the tip of your current branch is behind
hint: its remote counterpart. Integrate the remote changes (e.g.
hint: 'git pull ...') before pushing again.
hint: See the 'Note about fast-forwards' in 'git push --help' for details.
[2026-04-21T10:45:10Z] [nanachi] Push failed, retry next cycle.
[2026-04-21T10:45:10Z] [nanachi] Push failed, retry next cycle.
[2026-04-21T11:46:14Z] [nanachi] === PR workflow cycle start ===
[2026-04-21T11:46:14Z] [nanachi] === PR workflow cycle start ===
[2026-04-21T11:46:14Z] [nanachi] Phase 1: Fetching origin...
[2026-04-21T11:46:14Z] [nanachi] Phase 1: Fetching origin...
[main a4f6f7d] [nanachi] Workspace sync 2026-04-21T11:46Z
 1 file changed, 2 insertions(+), 2 deletions(-)
[2026-04-21T11:46:14Z] [nanachi] Pushing...
[2026-04-21T11:46:14Z] [nanachi] Pushing...
To https://github.com/nanachichan3/ceo-workspace.git
 ! [rejected]        HEAD -> main (non-fast-forward)
error: failed to push some refs to 'https://github.com/nanachichan3/ceo-workspace.git'
To https://github.com/nanachichan3/ceo-workspace.git
 ! [rejected]        HEAD -> main (non-fast-forward)
error: failed to push some refs to 'https://github.com/nanachichan3/ceo-workspace.git'
hint: Updates were rejected because the tip of your current branch is behind
hint: Updates were rejected because the tip of your current branch is behind
hint: its remote counterpart. Integrate the remote changes (e.g.
hint: 'git pull ...') before pushing again.
hint: See the 'Note about fast-forwards' in 'git push --help' for details.
hint: its remote counterpart. Integrate the remote changes (e.g.
hint: 'git pull ...') before pushing again.
hint: See the 'Note about fast-forwards' in 'git push --help' for details.
[2026-04-21T11:46:14Z] [nanachi] Push failed, retry next cycle.
[2026-04-21T11:46:14Z] [nanachi] Push failed, retry next cycle.
[2026-04-21T12:00:29Z] [nanachi] === PR workflow cycle start ===
[2026-04-21T12:00:29Z] [nanachi] === PR workflow cycle start ===
[2026-04-21T12:00:29Z] [nanachi] Phase 1: Fetching origin...
[2026-04-21T12:00:29Z] [nanachi] Phase 1: Fetching origin...
[2026-04-21T12:00:29Z] [nanachi] No local changes. Skipping.
[2026-04-21T12:00:29Z] [nanachi] No local changes. Skipping.
[2026-04-21T12:30:22Z] [nanachi] === PR workflow cycle start ===
[2026-04-21T12:30:22Z] [nanachi] === PR workflow cycle start ===
[2026-04-21T12:30:22Z] [nanachi] Phase 1: Fetching origin...
[2026-04-21T12:30:22Z] [nanachi] Phase 1: Fetching origin...
[main acbd96b] [nanachi] Workspace sync 2026-04-21T12:30Z
 1 file changed, 2 insertions(+), 2 deletions(-)
[2026-04-21T12:30:22Z] [nanachi] Pushing...
[2026-04-21T12:30:22Z] [nanachi] Pushing...
To https://github.com/nanachichan3/ceo-workspace.git
 ! [rejected]        HEAD -> mainTo https://github.com/nanachichan3/ceo-workspace.git
 ! [rejected]        HEAD -> main (non-fast-forward)
error: failed to push some refs to 'https://github.com/nanachichan3/ceo-workspace.git'
 (non-fast-forward)
error: failed to push some refs to 'https://github.com/nanachichan3/ceo-workspace.git'
hint: Updates were rejected because the tip of your current branch is behind
hint: its remote counterpart. Integrate the remote changes (e.g.
hint: 'git pull ...') before pushing again.
hint: See the 'Note about fast-forwards' in 'git push --help' for details.
hint: Updates were rejected because the tip of your current branch is behind
hint: its remote counterpart. Integrate the remote changes (e.g.
hint: 'git pull ...') before pushing again.
hint: See the 'Note about fast-forwards' in 'git push --help' for details.
[2026-04-21T12:30:22Z] [nanachi] Push failed, retry next cycle.
[2026-04-21T12:30:22Z] [nanachi] Push failed, retry next cycle.
[2026-04-21T13:00:24Z] [nanachi] === PR workflow cycle start ===
[2026-04-21T13:00:24Z] [nanachi] === PR workflow cycle start ===
[2026-04-21T13:00:24Z] [nanachi] Phase 1: Fetching origin...
[2026-04-21T13:00:24Z] [nanachi] Phase 1: Fetching origin...
[main 9198ade] [nanachi] Workspace sync 2026-04-21T13:00Z
 1 file changed, 2 insertions(+), 2 deletions(-)
[2026-04-21T13:00:24Z] [nanachi] Pushing...
[2026-04-21T13:00:24Z] [nanachi] Pushing...
To https://github.com/nanachichan3/ceo-workspace.git
 ! [rejected]        HEAD -> main (non-fast-forwardTo https://github.com/nanachichan3/ceo-workspace.git
 ! [rejected]        HEAD -> main (non-fast-forward)
error: failed to push some refs to 'https://github.com/nanachichan3/ceo-workspace.git'
)
error: failed to push some refs to 'https://github.com/nanachichan3/ceo-workspace.git'
hint: Updates were rejected because the tip of your current branch is behind
hint: its remote counterpart. Integrate the remote changes (e.g.
hint: 'git pull ...') before pushing again.
hint: See the 'Note about fast-forwards' in 'git push --help' for details.
hint: Updates were rejected because the tip of your current branch is behind
hint: its remote counterpart. Integrate the remote changes (e.g.
hint: 'git pull ...') before pushing again.
hint: See the 'Note about fast-forwards' in 'git push --help' for details.
[2026-04-21T13:00:24Z] [nanachi] Push failed, retry next cycle.
[2026-04-21T13:00:24Z] [nanachi] Push failed, retry next cycle.
[2026-04-21T13:30:22Z] [nanachi] === PR workflow cycle start ===
[2026-04-21T13:30:22Z] [nanachi] === PR workflow cycle start ===
[2026-04-21T13:30:22Z] [nanachi] Phase 1: Fetching origin...
[2026-04-21T13:30:22Z] [nanachi] Phase 1: Fetching origin...
[main 0d18dfc] [nanachi] Workspace sync 2026-04-21T13:30Z
 1 file changed, 2 insertions(+), 2 deletions(-)
[2026-04-21T13:30:22Z] [nanachi] Pushing...
[2026-04-21T13:30:22Z] [nanachi] Pushing...
To https://github.com/nanachichan3/ceo-workspace.git
 ! [rejected]        HEAD -> main (non-fast-forward)
error: failed to push some refs to 'https://github.com/nanachichan3/ceo-workspace.git'
To https://github.com/nanachichan3/ceo-workspace.git
 ! [rejected]        HEAD -> main (non-fast-forward)
error: failed to push some refs to 'https://github.com/nanachichan3/ceo-workspace.git'
hint: Updates were rejected because the tip of your current branch is behind
hint: its remote counterpart. Integrate the remote changes (e.g.
hint: 'git pull ...') before pushing again.
hint: See the 'Note about fast-forwards' in 'git push --help' for details.
hint: Updates were rejected because the tip of your current branch is behind
hint: its remote counterpart. Integrate the remote changes (e.g.
hint: 'git pull ...') before pushing again.
hint: See the 'Note about fast-forwards' in 'git push --help' for details.
[2026-04-21T13:30:22Z] [nanachi] Push failed, retry next cycle.
[2026-04-21T13:30:22Z] [nanachi] Push failed, retry next cycle.
[2026-04-21T14:00:21Z] [nanachi] === PR workflow cycle start ===
[2026-04-21T14:00:21Z] [nanachi] === PR workflow cycle start ===
[2026-04-21T14:00:21Z] [nanachi] Phase 1: Fetching origin...
[2026-04-21T14:00:21Z] [nanachi] Phase 1: Fetching origin...
[main 3acad3f] [nanachi] Workspace sync 2026-04-21T14:00Z
 1 file changed, 2 insertions(+), 2 deletions(-)
[2026-04-21T14:00:21Z] [nanachi] Pushing...
[2026-04-21T14:00:21Z] [nanachi] Pushing...
To https://github.com/nanachichan3/ceo-workspace.git
 ! [rejected]        HEAD -> mainTo https://github.com/nanachichan3/ceo-workspace.git
 ! [rejected]        HEAD -> main (non-fast-forward)
error: failed to push some refs to 'https://github.com/nanachichan3/ceo-workspace.git'
 (non-fast-forward)
error: failed to push some refs to 'https://github.com/nanachichan3/ceo-workspace.git'
hint: Updates were rejected because the tip of your current branch is behind
hint: its remote counterpart. Integrate the remote changes (e.g.
hint: 'git pull ...') before pushing again.
hint: See the 'Note about fast-forwards' in 'git push --help' for details.
hint: Updates were rejected because the tip of your current branch is behind
hint: its remote counterpart. Integrate the remote changes (e.g.
hint: 'git pull ...') before pushing again.
hint: See the 'Note about fast-forwards' in 'git push --help' for details.
[2026-04-21T14:00:21Z] [nanachi] Push failed, retry next cycle.
[2026-04-21T14:00:21Z] [nanachi] Push failed, retry next cycle.
[2026-04-21T14:30:33Z] [nanachi] === PR workflow cycle start ===
[2026-04-21T14:30:33Z] [nanachi] === PR workflow cycle start ===
[2026-04-21T14:30:33Z] [nanachi] Phase 1: Fetching origin...
[2026-04-21T14:30:33Z] [nanachi] Phase 1: Fetching origin...
[main d6c002e] [nanachi] Workspace sync 2026-04-21T14:30Z
 1 file changed, 2 insertions(+), 2 deletions(-)
[2026-04-21T14:30:33Z] [nanachi] Pushing...
[2026-04-21T14:30:33Z] [nanachi] Pushing...
To https://github.com/nanachichan3/ceo-workspace.git
 ! [rejected]        To https://github.com/nanachichan3/ceo-workspace.git
 ! [rejected]        HEAD -> main (non-fast-forward)
error: failed to push some refs to 'https://github.com/nanachichan3/ceo-workspace.git'
HEAD -> main (non-fast-forward)
error: failed to push some refs to 'https://github.com/nanachichan3/ceo-workspace.git'
hint: Updates were rejected because the tip of your current branch is behind
hint: its remote counterpart. Integrate the remote changes (e.g.
hint: 'git pull ...') before pushing again.
hint: See the 'Note about fast-forwards' in 'git push --help' for details.
hint: Updates were rejected because the tip of your current branch is behind
hint: its remote counterpart. Integrate the remote changes (e.g.
hint: 'git pull ...') before pushing again.
hint: See the 'Note about fast-forwards' in 'git push --help' for details.
[2026-04-21T14:30:33Z] [nanachi] Push failed, retry next cycle.
[2026-04-21T14:30:33Z] [nanachi] Push failed, retry next cycle.
[2026-04-21T15:00:23Z] [nanachi] === PR workflow cycle start ===
[2026-04-21T15:00:23Z] [nanachi] === PR workflow cycle start ===
[2026-04-21T15:00:23Z] [nanachi] Phase 1: Fetching origin...
[2026-04-21T15:00:23Z] [nanachi] Phase 1: Fetching origin...
[2026-04-21T15:00:23Z] [nanachi] No local changes. Skipping.
[2026-04-21T15:00:23Z] [nanachi] No local changes. Skipping.
[2026-04-21T15:30:23Z] [nanachi] === PR workflow cycle start ===
[2026-04-21T15:30:23Z] [nanachi] === PR workflow cycle start ===
[2026-04-21T15:30:23Z] [nanachi] Phase 1: Fetching origin...
[2026-04-21T15:30:23Z] [nanachi] Phase 1: Fetching origin...
[main d9bc6e7] [nanachi] Workspace sync 2026-04-21T15:30Z
 1 file changed, 2 insertions(+), 2 deletions(-)
[2026-04-21T15:30:23Z] [nanachi] Pushing...
[2026-04-21T15:30:23Z] [nanachi] Pushing...
To https://github.com/nanachichan3/ceo-workspace.git
 ! [rejected]        HEAD -> main (non-fast-forward)
error: failed to push some refs to 'https://github.com/nanachichan3/ceo-workspace.git'
To https://github.com/nanachichan3/ceo-workspace.git
 ! [rejected]        HEAD -> main (non-fast-forward)
error: failed to push some refs to 'https://github.com/nanachichan3/ceo-workspace.git'
hint: Updates were rejected because the tip of your current branch is behind
hint: its remote counterpart. Integrate the remote changes (e.g.
hint: 'git pull ...') before pushing again.
hint: See the 'Note about fast-forwards' in 'git push --help' for details.
hint: Updates were rejected because the tip of your current branch is behind
hint: its remote counterpart. Integrate the remote changes (e.g.
hint: 'git pull ...') before pushing again.
hint: See the 'Note about fast-forwards' in 'git push --help' for details.
[2026-04-21T15:30:23Z] [nanachi] Push failed, retry next cycle.
[2026-04-21T15:30:23Z] [nanachi] Push failed, retry next cycle.
[2026-04-21T15:30:23Z] [nanachi] DM to 588858125126336544 FAILED — Unknown Channel (discord plugin not configured for DMs)
[2026-04-21T16:31:55Z] [nanachi] === PR workflow cycle start ===
[2026-04-21T16:31:55Z] [nanachi] === PR workflow cycle start ===
[2026-04-21T16:31:55Z] [nanachi] Phase 1: Fetching origin...
[2026-04-21T16:31:55Z] [nanachi] Phase 1: Fetching origin...
[2026-04-21T16:31:55Z] [nanachi] No local changes. Skipping.
[2026-04-21T16:31:55Z] [nanachi] No local changes. Skipping.
